{"level":"info","message":"Configuration loaded","nodeEnv":"test","service":"iot-service","timestamp":"2025-09-10T10:36:48.280Z"}
{"dbPath":"./test.db","level":"info","message":"Database initialized","service":"iot-service","timestamp":"2025-09-10T10:36:48.296Z"}
{"level":"info","message":"Repository created","service":"iot-service","timestamp":"2025-09-10T10:36:48.298Z"}
{"level":"info","message":"MQTT client connected","mqttUrl":"mqtt://localhost","service":"iot-service","timestamp":"2025-09-10T10:36:48.299Z"}
{"level":"info","message":"MQTT subscribed to topics","pattern":"home/+/sensors/+/reading","service":"iot-service","timestamp":"2025-09-10T10:36:48.300Z"}
{"actualPort":3000,"httpPort":3000,"level":"info","message":"HTTP server listening","service":"iot-service","timestamp":"2025-09-10T10:36:48.300Z"}
{"level":"info","message":"All services started successfully","service":"iot-service","services":["database","repository","mqtt","http","ingestion"],"timestamp":"2025-09-10T10:36:48.300Z","uptime":0}
{"level":"info","message":"Configuration loaded","nodeEnv":"test","service":"iot-service","timestamp":"2025-09-10T10:36:48.324Z"}
{"dbPath":"./test.db","level":"info","message":"Database initialized","service":"iot-service","timestamp":"2025-09-10T10:36:48.325Z"}
{"level":"info","message":"Repository created","service":"iot-service","timestamp":"2025-09-10T10:36:48.326Z"}
{"level":"info","message":"MQTT client connected","mqttUrl":"mqtt://localhost","service":"iot-service","timestamp":"2025-09-10T10:36:48.327Z"}
{"level":"info","message":"MQTT subscribed to topics","pattern":"home/+/sensors/+/reading","service":"iot-service","timestamp":"2025-09-10T10:36:48.327Z"}
{"actualPort":3000,"httpPort":3000,"level":"info","message":"HTTP server listening","service":"iot-service","timestamp":"2025-09-10T10:36:48.327Z"}
{"level":"info","message":"All services started successfully","service":"iot-service","services":["database","repository","mqtt","http","ingestion"],"timestamp":"2025-09-10T10:36:48.328Z","uptime":0}
{"level":"info","message":"Shutting down services...","service":"iot-service","timestamp":"2025-09-10T10:36:48.328Z"}
{"level":"info","message":"All services stopped","service":"iot-service","timestamp":"2025-09-10T10:36:48.328Z"}
{"level":"info","message":"Configuration loaded","nodeEnv":"test","service":"iot-service","timestamp":"2025-09-10T10:36:48.359Z"}
{"dbPath":"./test.db","level":"info","message":"Database initialized","service":"iot-service","timestamp":"2025-09-10T10:36:48.360Z"}
{"level":"info","message":"Repository created","service":"iot-service","timestamp":"2025-09-10T10:36:48.361Z"}
{"level":"info","message":"MQTT client connected","mqttUrl":"mqtt://localhost","service":"iot-service","timestamp":"2025-09-10T10:36:48.378Z"}
{"level":"info","message":"MQTT subscribed to topics","pattern":"home/+/sensors/+/reading","service":"iot-service","timestamp":"2025-09-10T10:36:48.379Z"}
{"actualPort":3000,"httpPort":3000,"level":"info","message":"HTTP server listening","service":"iot-service","timestamp":"2025-09-10T10:36:48.380Z"}
{"level":"info","message":"All services started successfully","service":"iot-service","services":["database","repository","mqtt","http","ingestion"],"timestamp":"2025-09-10T10:36:48.380Z","uptime":0}
{"level":"info","message":"Shutting down services...","service":"iot-service","timestamp":"2025-09-10T10:36:48.381Z"}
{"level":"info","message":"All services stopped","service":"iot-service","timestamp":"2025-09-10T10:36:48.381Z"}
{"level":"info","message":"Configuration loaded","nodeEnv":"test","service":"iot-service","timestamp":"2025-09-10T10:36:48.559Z"}
{"level":"info","message":"Configuration loaded","nodeEnv":"test","service":"iot-service","timestamp":"2025-09-10T11:03:18.315Z"}
{"dbPath":"./test.db","level":"info","message":"Database initialized","service":"iot-service","timestamp":"2025-09-10T11:03:18.318Z"}
{"level":"info","message":"Repository created","service":"iot-service","timestamp":"2025-09-10T11:03:18.388Z"}
{"level":"info","message":"MQTT client connected","mqttUrl":"mqtt://localhost","service":"iot-service","timestamp":"2025-09-10T11:03:18.390Z"}
{"level":"info","message":"MQTT subscribed to topics","pattern":"home/+/sensors/+/reading","service":"iot-service","timestamp":"2025-09-10T11:03:18.390Z"}
{"actualPort":3000,"httpPort":3000,"level":"info","message":"HTTP server listening","service":"iot-service","timestamp":"2025-09-10T11:03:18.391Z"}
{"level":"info","message":"All services started successfully","service":"iot-service","services":["database","repository","mqtt","http","ingestion"],"timestamp":"2025-09-10T11:03:18.392Z","uptime":0}
{"level":"info","message":"Configuration loaded","nodeEnv":"test","service":"iot-service","timestamp":"2025-09-10T11:03:18.420Z"}
{"dbPath":"./test.db","level":"info","message":"Database initialized","service":"iot-service","timestamp":"2025-09-10T11:03:18.421Z"}
{"level":"info","message":"Repository created","service":"iot-service","timestamp":"2025-09-10T11:03:18.422Z"}
{"level":"info","message":"MQTT client connected","mqttUrl":"mqtt://localhost","service":"iot-service","timestamp":"2025-09-10T11:03:18.422Z"}
{"level":"info","message":"MQTT subscribed to topics","pattern":"home/+/sensors/+/reading","service":"iot-service","timestamp":"2025-09-10T11:03:18.422Z"}
{"actualPort":3000,"httpPort":3000,"level":"info","message":"HTTP server listening","service":"iot-service","timestamp":"2025-09-10T11:03:18.422Z"}
{"level":"info","message":"All services started successfully","service":"iot-service","services":["database","repository","mqtt","http","ingestion"],"timestamp":"2025-09-10T11:03:18.422Z","uptime":0}
{"level":"info","message":"Shutting down services...","service":"iot-service","timestamp":"2025-09-10T11:03:18.423Z"}
{"level":"info","message":"All services stopped","service":"iot-service","timestamp":"2025-09-10T11:03:18.423Z"}
{"level":"info","message":"Configuration loaded","nodeEnv":"test","service":"iot-service","timestamp":"2025-09-10T11:03:18.437Z"}
{"dbPath":"./test.db","level":"info","message":"Database initialized","service":"iot-service","timestamp":"2025-09-10T11:03:18.438Z"}
{"level":"info","message":"Repository created","service":"iot-service","timestamp":"2025-09-10T11:03:18.439Z"}
{"level":"info","message":"MQTT client connected","mqttUrl":"mqtt://localhost","service":"iot-service","timestamp":"2025-09-10T11:03:18.439Z"}
{"level":"info","message":"MQTT subscribed to topics","pattern":"home/+/sensors/+/reading","service":"iot-service","timestamp":"2025-09-10T11:03:18.439Z"}
{"actualPort":3000,"httpPort":3000,"level":"info","message":"HTTP server listening","service":"iot-service","timestamp":"2025-09-10T11:03:18.439Z"}
{"level":"info","message":"All services started successfully","service":"iot-service","services":["database","repository","mqtt","http","ingestion"],"timestamp":"2025-09-10T11:03:18.440Z","uptime":0}
{"level":"info","message":"Shutting down services...","service":"iot-service","timestamp":"2025-09-10T11:03:18.440Z"}
{"level":"info","message":"All services stopped","service":"iot-service","timestamp":"2025-09-10T11:03:18.440Z"}
{"level":"info","message":"Configuration loaded","nodeEnv":"test","service":"iot-service","timestamp":"2025-09-10T11:03:18.455Z"}
{"level":"info","message":"Configuration loaded","nodeEnv":"test","service":"iot-service","timestamp":"2025-09-10T12:16:47.015Z"}
{"dbPath":"./test.db","level":"info","message":"Database initialized","service":"iot-service","timestamp":"2025-09-10T12:16:47.023Z"}
{"level":"info","message":"Repository created","service":"iot-service","timestamp":"2025-09-10T12:16:47.026Z"}
{"level":"info","message":"MQTT client connected","mqttUrl":"mqtt://localhost","service":"iot-service","timestamp":"2025-09-10T12:16:47.027Z"}
{"level":"info","message":"MQTT subscribed to topics","pattern":"home/+/sensors/+/reading","service":"iot-service","timestamp":"2025-09-10T12:16:47.028Z"}
{"actualPort":3000,"httpPort":3000,"level":"info","message":"HTTP server listening","service":"iot-service","timestamp":"2025-09-10T12:16:47.028Z"}
{"level":"info","message":"All services started successfully","service":"iot-service","services":["database","repository","mqtt","http","ingestion"],"timestamp":"2025-09-10T12:16:47.029Z","uptime":0}
{"level":"info","message":"Configuration loaded","nodeEnv":"test","service":"iot-service","timestamp":"2025-09-10T12:16:47.084Z"}
{"dbPath":"./test.db","level":"info","message":"Database initialized","service":"iot-service","timestamp":"2025-09-10T12:16:47.085Z"}
{"level":"info","message":"Repository created","service":"iot-service","timestamp":"2025-09-10T12:16:47.086Z"}
{"level":"info","message":"MQTT client connected","mqttUrl":"mqtt://localhost","service":"iot-service","timestamp":"2025-09-10T12:16:47.086Z"}
{"level":"info","message":"MQTT subscribed to topics","pattern":"home/+/sensors/+/reading","service":"iot-service","timestamp":"2025-09-10T12:16:47.086Z"}
{"actualPort":3000,"httpPort":3000,"level":"info","message":"HTTP server listening","service":"iot-service","timestamp":"2025-09-10T12:16:47.087Z"}
{"level":"info","message":"All services started successfully","service":"iot-service","services":["database","repository","mqtt","http","ingestion"],"timestamp":"2025-09-10T12:16:47.087Z","uptime":0}
{"level":"info","message":"Shutting down services...","service":"iot-service","timestamp":"2025-09-10T12:16:47.087Z"}
{"level":"info","message":"All services stopped","service":"iot-service","timestamp":"2025-09-10T12:16:47.088Z"}
{"level":"info","message":"Configuration loaded","nodeEnv":"test","service":"iot-service","timestamp":"2025-09-10T12:16:47.112Z"}
{"dbPath":"./test.db","level":"info","message":"Database initialized","service":"iot-service","timestamp":"2025-09-10T12:16:47.112Z"}
{"level":"info","message":"Repository created","service":"iot-service","timestamp":"2025-09-10T12:16:47.113Z"}
{"level":"info","message":"MQTT client connected","mqttUrl":"mqtt://localhost","service":"iot-service","timestamp":"2025-09-10T12:16:47.113Z"}
{"level":"info","message":"MQTT subscribed to topics","pattern":"home/+/sensors/+/reading","service":"iot-service","timestamp":"2025-09-10T12:16:47.114Z"}
{"actualPort":3000,"httpPort":3000,"level":"info","message":"HTTP server listening","service":"iot-service","timestamp":"2025-09-10T12:16:47.114Z"}
{"level":"info","message":"All services started successfully","service":"iot-service","services":["database","repository","mqtt","http","ingestion"],"timestamp":"2025-09-10T12:16:47.114Z","uptime":0}
{"level":"info","message":"Shutting down services...","service":"iot-service","timestamp":"2025-09-10T12:16:47.114Z"}
{"level":"info","message":"All services stopped","service":"iot-service","timestamp":"2025-09-10T12:16:47.114Z"}
{"level":"info","message":"Configuration loaded","nodeEnv":"test","service":"iot-service","timestamp":"2025-09-10T12:16:47.130Z"}
{"level":"info","message":"Configuration loaded","nodeEnv":"test","service":"iot-service","timestamp":"2025-09-10T12:55:39.324Z"}
{"dbPath":"./test.db","level":"info","message":"Database initialized","service":"iot-service","timestamp":"2025-09-10T12:55:39.393Z"}
{"level":"info","message":"Repository created","service":"iot-service","timestamp":"2025-09-10T12:55:39.397Z"}
{"level":"info","message":"MQTT client connected","mqttUrl":"mqtt://localhost","service":"iot-service","timestamp":"2025-09-10T12:55:39.397Z"}
{"level":"info","message":"MQTT subscribed to topics","pattern":"home/+/sensors/+/reading","service":"iot-service","timestamp":"2025-09-10T12:55:39.398Z"}
{"actualPort":3000,"httpPort":3000,"level":"info","message":"HTTP server listening","service":"iot-service","timestamp":"2025-09-10T12:55:39.399Z"}
{"level":"info","message":"All services started successfully","service":"iot-service","services":["database","repository","mqtt","http","ingestion"],"timestamp":"2025-09-10T12:55:39.405Z","uptime":0}
{"level":"info","message":"Configuration loaded","nodeEnv":"test","service":"iot-service","timestamp":"2025-09-10T12:55:39.426Z"}
{"dbPath":"./test.db","level":"info","message":"Database initialized","service":"iot-service","timestamp":"2025-09-10T12:55:39.426Z"}
{"level":"info","message":"Repository created","service":"iot-service","timestamp":"2025-09-10T12:55:39.427Z"}
{"level":"info","message":"MQTT client connected","mqttUrl":"mqtt://localhost","service":"iot-service","timestamp":"2025-09-10T12:55:39.427Z"}
{"level":"info","message":"MQTT subscribed to topics","pattern":"home/+/sensors/+/reading","service":"iot-service","timestamp":"2025-09-10T12:55:39.428Z"}
{"actualPort":3000,"httpPort":3000,"level":"info","message":"HTTP server listening","service":"iot-service","timestamp":"2025-09-10T12:55:39.428Z"}
{"level":"info","message":"All services started successfully","service":"iot-service","services":["database","repository","mqtt","http","ingestion"],"timestamp":"2025-09-10T12:55:39.428Z","uptime":0}
{"level":"info","message":"Shutting down services...","service":"iot-service","timestamp":"2025-09-10T12:55:39.428Z"}
{"level":"info","message":"All services stopped","service":"iot-service","timestamp":"2025-09-10T12:55:39.428Z"}
{"level":"info","message":"Configuration loaded","nodeEnv":"test","service":"iot-service","timestamp":"2025-09-10T12:55:39.446Z"}
{"dbPath":"./test.db","level":"info","message":"Database initialized","service":"iot-service","timestamp":"2025-09-10T12:55:39.446Z"}
{"level":"info","message":"Repository created","service":"iot-service","timestamp":"2025-09-10T12:55:39.447Z"}
{"level":"info","message":"MQTT client connected","mqttUrl":"mqtt://localhost","service":"iot-service","timestamp":"2025-09-10T12:55:39.448Z"}
{"level":"info","message":"MQTT subscribed to topics","pattern":"home/+/sensors/+/reading","service":"iot-service","timestamp":"2025-09-10T12:55:39.448Z"}
{"actualPort":3000,"httpPort":3000,"level":"info","message":"HTTP server listening","service":"iot-service","timestamp":"2025-09-10T12:55:39.448Z"}
{"level":"info","message":"All services started successfully","service":"iot-service","services":["database","repository","mqtt","http","ingestion"],"timestamp":"2025-09-10T12:55:39.448Z","uptime":0}
{"level":"info","message":"Shutting down services...","service":"iot-service","timestamp":"2025-09-10T12:55:39.448Z"}
{"level":"info","message":"All services stopped","service":"iot-service","timestamp":"2025-09-10T12:55:39.448Z"}
{"level":"info","message":"Configuration loaded","nodeEnv":"test","service":"iot-service","timestamp":"2025-09-10T12:55:39.465Z"}
{"level":"info","message":"Configuration loaded","nodeEnv":"test","service":"iot-service","timestamp":"2025-09-10T12:56:30.234Z"}
{"dbPath":"./test.db","level":"info","message":"Database initialized","service":"iot-service","timestamp":"2025-09-10T12:56:30.249Z"}
{"level":"info","message":"Repository created","service":"iot-service","timestamp":"2025-09-10T12:56:30.260Z"}
{"level":"info","message":"MQTT client connected","mqttUrl":"mqtt://localhost","service":"iot-service","timestamp":"2025-09-10T12:56:30.261Z"}
{"level":"info","message":"MQTT subscribed to topics","pattern":"home/+/sensors/+/reading","service":"iot-service","timestamp":"2025-09-10T12:56:30.262Z"}
{"actualPort":3000,"httpPort":3000,"level":"info","message":"HTTP server listening","service":"iot-service","timestamp":"2025-09-10T12:56:30.262Z"}
{"level":"info","message":"All services started successfully","service":"iot-service","services":["database","repository","mqtt","http","ingestion"],"timestamp":"2025-09-10T12:56:30.263Z","uptime":0}
{"level":"info","message":"Configuration loaded","nodeEnv":"test","service":"iot-service","timestamp":"2025-09-10T12:56:30.299Z"}
{"dbPath":"./test.db","level":"info","message":"Database initialized","service":"iot-service","timestamp":"2025-09-10T12:56:30.299Z"}
{"level":"info","message":"Repository created","service":"iot-service","timestamp":"2025-09-10T12:56:30.300Z"}
{"level":"info","message":"MQTT client connected","mqttUrl":"mqtt://localhost","service":"iot-service","timestamp":"2025-09-10T12:56:30.300Z"}
{"level":"info","message":"MQTT subscribed to topics","pattern":"home/+/sensors/+/reading","service":"iot-service","timestamp":"2025-09-10T12:56:30.300Z"}
{"actualPort":3000,"httpPort":3000,"level":"info","message":"HTTP server listening","service":"iot-service","timestamp":"2025-09-10T12:56:30.301Z"}
{"level":"info","message":"All services started successfully","service":"iot-service","services":["database","repository","mqtt","http","ingestion"],"timestamp":"2025-09-10T12:56:30.301Z","uptime":0}
{"level":"info","message":"Shutting down services...","service":"iot-service","timestamp":"2025-09-10T12:56:30.301Z"}
{"level":"info","message":"All services stopped","service":"iot-service","timestamp":"2025-09-10T12:56:30.301Z"}
{"level":"info","message":"Configuration loaded","nodeEnv":"test","service":"iot-service","timestamp":"2025-09-10T12:56:30.318Z"}
{"dbPath":"./test.db","level":"info","message":"Database initialized","service":"iot-service","timestamp":"2025-09-10T12:56:30.319Z"}
{"level":"info","message":"Repository created","service":"iot-service","timestamp":"2025-09-10T12:56:30.320Z"}
{"level":"info","message":"MQTT client connected","mqttUrl":"mqtt://localhost","service":"iot-service","timestamp":"2025-09-10T12:56:30.320Z"}
{"level":"info","message":"MQTT subscribed to topics","pattern":"home/+/sensors/+/reading","service":"iot-service","timestamp":"2025-09-10T12:56:30.321Z"}
{"actualPort":3000,"httpPort":3000,"level":"info","message":"HTTP server listening","service":"iot-service","timestamp":"2025-09-10T12:56:30.321Z"}
{"level":"info","message":"All services started successfully","service":"iot-service","services":["database","repository","mqtt","http","ingestion"],"timestamp":"2025-09-10T12:56:30.321Z","uptime":0}
{"level":"info","message":"Shutting down services...","service":"iot-service","timestamp":"2025-09-10T12:56:30.321Z"}
{"level":"info","message":"All services stopped","service":"iot-service","timestamp":"2025-09-10T12:56:30.321Z"}
{"level":"info","message":"Configuration loaded","nodeEnv":"test","service":"iot-service","timestamp":"2025-09-10T12:56:30.338Z"}
{"level":"info","message":"Configuration loaded","nodeEnv":"test","service":"iot-service","timestamp":"2025-09-10T13:03:26.767Z"}
{"dbPath":"./test.db","level":"info","message":"Database initialized","service":"iot-service","timestamp":"2025-09-10T13:03:26.774Z"}
{"level":"info","message":"Repository created","service":"iot-service","timestamp":"2025-09-10T13:03:26.776Z"}
{"level":"info","message":"MQTT client connected","mqttUrl":"mqtt://localhost","service":"iot-service","timestamp":"2025-09-10T13:03:26.777Z"}
{"level":"info","message":"MQTT subscribed to topics","pattern":"home/+/sensors/+/reading","service":"iot-service","timestamp":"2025-09-10T13:03:26.777Z"}
{"actualPort":3000,"httpPort":3000,"level":"info","message":"HTTP server listening","service":"iot-service","timestamp":"2025-09-10T13:03:26.778Z"}
{"level":"info","message":"All services started successfully","service":"iot-service","services":["database","repository","mqtt","http","ingestion"],"timestamp":"2025-09-10T13:03:26.778Z","uptime":0}
{"level":"info","message":"Configuration loaded","nodeEnv":"test","service":"iot-service","timestamp":"2025-09-10T13:03:26.810Z"}
{"dbPath":"./test.db","level":"info","message":"Database initialized","service":"iot-service","timestamp":"2025-09-10T13:03:26.810Z"}
{"level":"info","message":"Repository created","service":"iot-service","timestamp":"2025-09-10T13:03:26.811Z"}
{"level":"info","message":"MQTT client connected","mqttUrl":"mqtt://localhost","service":"iot-service","timestamp":"2025-09-10T13:03:26.812Z"}
{"level":"info","message":"MQTT subscribed to topics","pattern":"home/+/sensors/+/reading","service":"iot-service","timestamp":"2025-09-10T13:03:26.812Z"}
{"actualPort":3000,"httpPort":3000,"level":"info","message":"HTTP server listening","service":"iot-service","timestamp":"2025-09-10T13:03:26.812Z"}
{"level":"info","message":"All services started successfully","service":"iot-service","services":["database","repository","mqtt","http","ingestion"],"timestamp":"2025-09-10T13:03:26.812Z","uptime":0}
{"level":"info","message":"Shutting down services...","service":"iot-service","timestamp":"2025-09-10T13:03:26.812Z"}
{"level":"info","message":"All services stopped","service":"iot-service","timestamp":"2025-09-10T13:03:26.812Z"}
{"level":"info","message":"Configuration loaded","nodeEnv":"test","service":"iot-service","timestamp":"2025-09-10T13:03:26.826Z"}
{"dbPath":"./test.db","level":"info","message":"Database initialized","service":"iot-service","timestamp":"2025-09-10T13:03:26.826Z"}
{"level":"info","message":"Repository created","service":"iot-service","timestamp":"2025-09-10T13:03:26.827Z"}
{"level":"info","message":"MQTT client connected","mqttUrl":"mqtt://localhost","service":"iot-service","timestamp":"2025-09-10T13:03:26.828Z"}
{"level":"info","message":"MQTT subscribed to topics","pattern":"home/+/sensors/+/reading","service":"iot-service","timestamp":"2025-09-10T13:03:26.828Z"}
{"actualPort":3000,"httpPort":3000,"level":"info","message":"HTTP server listening","service":"iot-service","timestamp":"2025-09-10T13:03:26.828Z"}
{"level":"info","message":"All services started successfully","service":"iot-service","services":["database","repository","mqtt","http","ingestion"],"timestamp":"2025-09-10T13:03:26.828Z","uptime":0}
{"level":"info","message":"Shutting down services...","service":"iot-service","timestamp":"2025-09-10T13:03:26.828Z"}
{"level":"info","message":"All services stopped","service":"iot-service","timestamp":"2025-09-10T13:03:26.828Z"}
{"level":"info","message":"Configuration loaded","nodeEnv":"test","service":"iot-service","timestamp":"2025-09-10T13:03:26.848Z"}
{"level":"info","message":"Configuration loaded","nodeEnv":"test","service":"iot-service","timestamp":"2025-09-10T13:04:41.615Z"}
{"dbPath":"./test.db","level":"info","message":"Database initialized","service":"iot-service","timestamp":"2025-09-10T13:04:41.621Z"}
{"level":"info","message":"Repository created","service":"iot-service","timestamp":"2025-09-10T13:04:41.643Z"}
{"level":"info","message":"MQTT client connected","mqttUrl":"mqtt://localhost","service":"iot-service","timestamp":"2025-09-10T13:04:41.649Z"}
{"level":"info","message":"MQTT subscribed to topics","pattern":"home/+/sensors/+/reading","service":"iot-service","timestamp":"2025-09-10T13:04:41.650Z"}
{"actualPort":3000,"httpPort":3000,"level":"info","message":"HTTP server listening","service":"iot-service","timestamp":"2025-09-10T13:04:41.651Z"}
{"level":"info","message":"All services started successfully","service":"iot-service","services":["database","repository","mqtt","http","ingestion"],"timestamp":"2025-09-10T13:04:41.651Z","uptime":0}
{"level":"info","message":"Configuration loaded","nodeEnv":"test","service":"iot-service","timestamp":"2025-09-10T13:04:41.713Z"}
{"dbPath":"./test.db","level":"info","message":"Database initialized","service":"iot-service","timestamp":"2025-09-10T13:04:41.713Z"}
{"level":"info","message":"Repository created","service":"iot-service","timestamp":"2025-09-10T13:04:41.714Z"}
{"level":"info","message":"MQTT client connected","mqttUrl":"mqtt://localhost","service":"iot-service","timestamp":"2025-09-10T13:04:41.715Z"}
{"level":"info","message":"MQTT subscribed to topics","pattern":"home/+/sensors/+/reading","service":"iot-service","timestamp":"2025-09-10T13:04:41.715Z"}
{"actualPort":3000,"httpPort":3000,"level":"info","message":"HTTP server listening","service":"iot-service","timestamp":"2025-09-10T13:04:41.715Z"}
{"level":"info","message":"All services started successfully","service":"iot-service","services":["database","repository","mqtt","http","ingestion"],"timestamp":"2025-09-10T13:04:41.715Z","uptime":0}
{"level":"info","message":"Shutting down services...","service":"iot-service","timestamp":"2025-09-10T13:04:41.716Z"}
{"level":"info","message":"All services stopped","service":"iot-service","timestamp":"2025-09-10T13:04:41.716Z"}
{"level":"info","message":"Configuration loaded","nodeEnv":"test","service":"iot-service","timestamp":"2025-09-10T13:04:41.733Z"}
{"dbPath":"./test.db","level":"info","message":"Database initialized","service":"iot-service","timestamp":"2025-09-10T13:04:41.734Z"}
{"level":"info","message":"Repository created","service":"iot-service","timestamp":"2025-09-10T13:04:41.735Z"}
{"level":"info","message":"MQTT client connected","mqttUrl":"mqtt://localhost","service":"iot-service","timestamp":"2025-09-10T13:04:41.735Z"}
{"level":"info","message":"MQTT subscribed to topics","pattern":"home/+/sensors/+/reading","service":"iot-service","timestamp":"2025-09-10T13:04:41.735Z"}
{"actualPort":3000,"httpPort":3000,"level":"info","message":"HTTP server listening","service":"iot-service","timestamp":"2025-09-10T13:04:41.736Z"}
{"level":"info","message":"All services started successfully","service":"iot-service","services":["database","repository","mqtt","http","ingestion"],"timestamp":"2025-09-10T13:04:41.736Z","uptime":0}
{"level":"info","message":"Shutting down services...","service":"iot-service","timestamp":"2025-09-10T13:04:41.736Z"}
{"level":"info","message":"All services stopped","service":"iot-service","timestamp":"2025-09-10T13:04:41.736Z"}
{"level":"info","message":"Configuration loaded","nodeEnv":"test","service":"iot-service","timestamp":"2025-09-10T13:04:41.855Z"}
